Build started 14/10/2015 4:08:19 p.m..
     1>Project "C:\Batteries_Not_Included\BatteriesNotIncluded\Framework\Framework.vcxproj" on node 2 (Build target(s)).
     1>ClCompile:
         C:\Program Files (x86)\Microsoft Visual Studio 12.0\VC\bin\CL.exe /c /I"C:\Batteries_Not_Included\BatteriesNotIncluded\\SDL\SDL2-2.0.3\include\\" /I"C:\Batteries_Not_Included\BatteriesNotIncluded\\SDL\SDL2_image-2.0.0\include" /I"C:\Batteries_Not_Included\BatteriesNotIncluded\\RakNet-master\Source" /IC:\Batteries_Not_Included\BatteriesNotIncluded\\FMOD\inc /ZI /nologo /W3 /WX- /Od /Oy- /D WIN32 /D _DEBUG /D _WINDOWS /D _UNICODE /D UNICODE /Gm /EHsc /RTC1 /MDd /GS /fp:precise /Zc:wchar_t /Zc:forScope /Fo"Debug\\" /Fd"Debug\vc120.pdb" /Gd /TP /analyze- /errorReport:prompt inputhandler.cpp
         inputhandler.cpp
       Link:
         C:\Program Files (x86)\Microsoft Visual Studio 12.0\VC\bin\link.exe /ERRORREPORT:PROMPT /OUT:"C:\Batteries_Not_Included\BatteriesNotIncluded\Debug\Framework.exe" /INCREMENTAL /NOLOGO /LIBPATH:"C:\Batteries_Not_Included\BatteriesNotIncluded\\SDL\SDL2-2.0.3\lib\x86" /LIBPATH:"C:\Batteries_Not_Included\BatteriesNotIncluded\\SDL\SDL2_image-2.0.0\lib\x86" /LIBPATH:C:\Batteries_Not_Included\BatteriesNotIncluded\\FMOD\lib SDL2.lib SDL2main.lib SDL2_image.lib fmodl_vc.lib ws2_32.lib kernel32.lib user32.lib gdi32.lib winspool.lib comdlg32.lib advapi32.lib shell32.lib ole32.lib oleaut32.lib uuid.lib odbc32.lib odbccp32.lib /MANIFEST /MANIFESTUAC:"level='asInvoker' uiAccess='false'" /manifest:embed /DEBUG /PDB:"C:\Batteries_Not_Included\BatteriesNotIncluded\Debug\Framework.pdb" /SUBSYSTEM:WINDOWS /TLBID:1 /DYNAMICBASE /NXCOMPAT /IMPLIB:"C:\Batteries_Not_Included\BatteriesNotIncluded\Debug\Framework.lib" /MACHINE:X86 Debug\active.obj
         Debug\backbuffer.obj
         Debug\buff.obj
         Debug\entity.obj
         Debug\game.obj
         Debug\inputhandler.obj
         Debug\logmanager.obj
         Debug\main.obj
         Debug\map.obj
         Debug\passive.obj
         Debug\player.obj
         Debug\sprite.obj
         Debug\texture.obj
         Debug\texturemanager.obj
         Debug\weapon.obj
     1>MSVCRTD.lib(cinitexe.obj) : warning LNK4098: defaultlib 'msvcrt.lib' conflicts with use of other libs; use /NODEFAULTLIB:library
         Framework.vcxproj -> C:\Batteries_Not_Included\BatteriesNotIncluded\Debug\Framework.exe
     1>Done Building Project "C:\Batteries_Not_Included\BatteriesNotIncluded\Framework\Framework.vcxproj" (Build target(s)).

Build succeeded.

Time Elapsed 00:00:01.38
