c:\users\tomcl\documents\github\batteries_not_included\batteriesnotincluded\framework\debug\vc120.pdb
c:\users\tomcl\documents\github\batteries_not_included\batteriesnotincluded\framework\debug\vc120.idb
c:\users\tomcl\documents\github\batteries_not_included\batteriesnotincluded\framework\debug\active.obj
c:\users\tomcl\documents\github\batteries_not_included\batteriesnotincluded\framework\debug\backbuffer.obj
c:\users\tomcl\documents\github\batteries_not_included\batteriesnotincluded\framework\debug\buff.obj
c:\users\tomcl\documents\github\batteries_not_included\batteriesnotincluded\framework\debug\entity.obj
c:\users\tomcl\documents\github\batteries_not_included\batteriesnotincluded\framework\debug\fmodhelper.obj
c:\users\tomcl\documents\github\batteries_not_included\batteriesnotincluded\framework\debug\game.obj
c:\users\tomcl\documents\github\batteries_not_included\batteriesnotincluded\framework\debug\gamemap.obj
c:\users\tomcl\documents\github\batteries_not_included\batteriesnotincluded\framework\debug\inputhandler.obj
c:\users\tomcl\documents\github\batteries_not_included\batteriesnotincluded\framework\debug\logmanager.obj
c:\users\tomcl\documents\github\batteries_not_included\batteriesnotincluded\framework\debug\main.obj
c:\users\tomcl\documents\github\batteries_not_included\batteriesnotincluded\framework\debug\passive.obj
c:\users\tomcl\documents\github\batteries_not_included\batteriesnotincluded\framework\debug\player.obj
c:\users\tomcl\documents\github\batteries_not_included\batteriesnotincluded\framework\debug\room.obj
c:\users\tomcl\documents\github\batteries_not_included\batteriesnotincluded\framework\debug\sprite.obj
c:\users\tomcl\documents\github\batteries_not_included\batteriesnotincluded\framework\debug\terrain.obj
c:\users\tomcl\documents\github\batteries_not_included\batteriesnotincluded\framework\debug\texture.obj
c:\users\tomcl\documents\github\batteries_not_included\batteriesnotincluded\framework\debug\texturemanager.obj
c:\users\tomcl\documents\github\batteries_not_included\batteriesnotincluded\framework\debug\wall.obj
c:\users\tomcl\documents\github\batteries_not_included\batteriesnotincluded\framework\debug\weapon.obj
c:\users\tomcl\documents\github\batteries_not_included\batteriesnotincluded\framework\debug\stringcompressor.obj
c:\users\tomcl\documents\github\batteries_not_included\batteriesnotincluded\framework\debug\stringtable.obj
c:\users\tomcl\documents\github\batteries_not_included\batteriesnotincluded\framework\debug\superfasthash.obj
c:\users\tomcl\documents\github\batteries_not_included\batteriesnotincluded\framework\debug\tableserializer.obj
c:\users\tomcl\documents\github\batteries_not_included\batteriesnotincluded\framework\debug\tcpinterface.obj
c:\users\tomcl\documents\github\batteries_not_included\batteriesnotincluded\framework\debug\teambalancer.obj
c:\users\tomcl\documents\github\batteries_not_included\batteriesnotincluded\framework\debug\teammanager.obj
c:\users\tomcl\documents\github\batteries_not_included\batteriesnotincluded\framework\debug\telnettransport.obj
c:\users\tomcl\documents\github\batteries_not_included\batteriesnotincluded\framework\debug\threadsafepacketlogger.obj
c:\users\tomcl\documents\github\batteries_not_included\batteriesnotincluded\framework\debug\twowayauthentication.obj
c:\users\tomcl\documents\github\batteries_not_included\batteriesnotincluded\framework\debug\udpforwarder.obj
c:\users\tomcl\documents\github\batteries_not_included\batteriesnotincluded\framework\debug\udpproxyclient.obj
c:\users\tomcl\documents\github\batteries_not_included\batteriesnotincluded\framework\debug\udpproxycoordinator.obj
c:\users\tomcl\documents\github\batteries_not_included\batteriesnotincluded\framework\debug\udpproxyserver.obj
c:\users\tomcl\documents\github\batteries_not_included\batteriesnotincluded\framework\debug\variabledeltaserializer.obj
c:\users\tomcl\documents\github\batteries_not_included\batteriesnotincluded\framework\debug\variablelistdeltatracker.obj
c:\users\tomcl\documents\github\batteries_not_included\batteriesnotincluded\framework\debug\variadicsqlparser.obj
c:\users\tomcl\documents\github\batteries_not_included\batteriesnotincluded\framework\debug\vitaincludes.obj
c:\users\tomcl\documents\github\batteries_not_included\batteriesnotincluded\framework\debug\wsastartupsingleton.obj
c:\users\tomcl\documents\github\batteries_not_included\batteriesnotincluded\framework\debug\_findfirst.obj
c:\users\tomcl\documents\github\batteries_not_included\batteriesnotincluded\framework\debug\raknettypes.obj
c:\users\tomcl\documents\github\batteries_not_included\batteriesnotincluded\framework\debug\rakpeer.obj
c:\users\tomcl\documents\github\batteries_not_included\batteriesnotincluded\framework\debug\raksleep.obj
c:\users\tomcl\documents\github\batteries_not_included\batteriesnotincluded\framework\debug\rakstring.obj
c:\users\tomcl\documents\github\batteries_not_included\batteriesnotincluded\framework\debug\rakthread.obj
c:\users\tomcl\documents\github\batteries_not_included\batteriesnotincluded\framework\debug\rakwstring.obj
c:\users\tomcl\documents\github\batteries_not_included\batteriesnotincluded\framework\debug\rand.obj
c:\users\tomcl\documents\github\batteries_not_included\batteriesnotincluded\framework\debug\randsync.obj
c:\users\tomcl\documents\github\batteries_not_included\batteriesnotincluded\framework\debug\readyevent.obj
c:\users\tomcl\documents\github\batteries_not_included\batteriesnotincluded\framework\debug\relayplugin.obj
c:\users\tomcl\documents\github\batteries_not_included\batteriesnotincluded\framework\debug\reliabilitylayer.obj
c:\users\tomcl\documents\github\batteries_not_included\batteriesnotincluded\framework\debug\replicamanager3.obj
c:\users\tomcl\documents\github\batteries_not_included\batteriesnotincluded\framework\debug\router2.obj
c:\users\tomcl\documents\github\batteries_not_included\batteriesnotincluded\framework\debug\rpc4plugin.obj
c:\users\tomcl\documents\github\batteries_not_included\batteriesnotincluded\framework\debug\securehandshake.obj
c:\users\tomcl\documents\github\batteries_not_included\batteriesnotincluded\framework\debug\sendtothread.obj
c:\users\tomcl\documents\github\batteries_not_included\batteriesnotincluded\framework\debug\signaledevent.obj
c:\users\tomcl\documents\github\batteries_not_included\batteriesnotincluded\framework\debug\simplemutex.obj
c:\users\tomcl\documents\github\batteries_not_included\batteriesnotincluded\framework\debug\socketlayer.obj
c:\users\tomcl\documents\github\batteries_not_included\batteriesnotincluded\framework\debug\statisticshistory.obj
c:\users\tomcl\documents\github\batteries_not_included\batteriesnotincluded\framework\debug\packetoutputwindowlogger.obj
c:\users\tomcl\documents\github\batteries_not_included\batteriesnotincluded\framework\debug\plugininterface2.obj
c:\users\tomcl\documents\github\batteries_not_included\batteriesnotincluded\framework\debug\ps4includes.obj
c:\users\tomcl\documents\github\batteries_not_included\batteriesnotincluded\framework\debug\rackspace.obj
c:\users\tomcl\documents\github\batteries_not_included\batteriesnotincluded\framework\debug\rakmemoryoverride.obj
c:\users\tomcl\documents\github\batteries_not_included\batteriesnotincluded\framework\debug\raknetcommandparser.obj
c:\users\tomcl\documents\github\batteries_not_included\batteriesnotincluded\framework\debug\raknetsocket.obj
c:\users\tomcl\documents\github\batteries_not_included\batteriesnotincluded\framework\debug\raknetsocket2.obj
c:\users\tomcl\documents\github\batteries_not_included\batteriesnotincluded\framework\debug\raknetsocket2_360_720.obj
c:\users\tomcl\documents\github\batteries_not_included\batteriesnotincluded\framework\debug\raknetsocket2_berkley.obj
c:\users\tomcl\documents\github\batteries_not_included\batteriesnotincluded\framework\debug\raknetsocket2_berkley_nativeclient.obj
c:\users\tomcl\documents\github\batteries_not_included\batteriesnotincluded\framework\debug\raknetsocket2_nativeclient.obj
c:\users\tomcl\documents\github\batteries_not_included\batteriesnotincluded\framework\debug\raknetsocket2_ps3_ps4.obj
c:\users\tomcl\documents\github\batteries_not_included\batteriesnotincluded\framework\debug\raknetsocket2_ps4.obj
c:\users\tomcl\documents\github\batteries_not_included\batteriesnotincluded\framework\debug\raknetsocket2_vita.obj
c:\users\tomcl\documents\github\batteries_not_included\batteriesnotincluded\framework\debug\raknetsocket2_windowsstore8.obj
c:\users\tomcl\documents\github\batteries_not_included\batteriesnotincluded\framework\debug\raknetsocket2_windows_linux.obj
c:\users\tomcl\documents\github\batteries_not_included\batteriesnotincluded\framework\debug\raknetsocket2_windows_linux_360.obj
c:\users\tomcl\documents\github\batteries_not_included\batteriesnotincluded\framework\debug\raknetstatistics.obj
c:\users\tomcl\documents\github\batteries_not_included\batteriesnotincluded\framework\debug\raknettransport2.obj
c:\users\tomcl\documents\github\batteries_not_included\batteriesnotincluded\framework\debug\gridsectorizer.obj
c:\users\tomcl\documents\github\batteries_not_included\batteriesnotincluded\framework\debug\httpconnection.obj
c:\users\tomcl\documents\github\batteries_not_included\batteriesnotincluded\framework\debug\httpconnection2.obj
c:\users\tomcl\documents\github\batteries_not_included\batteriesnotincluded\framework\debug\incrementalreadinterface.obj
c:\users\tomcl\documents\github\batteries_not_included\batteriesnotincluded\framework\debug\itoa.obj
c:\users\tomcl\documents\github\batteries_not_included\batteriesnotincluded\framework\debug\linuxstrings.obj
c:\users\tomcl\documents\github\batteries_not_included\batteriesnotincluded\framework\debug\locklesstypes.obj
c:\users\tomcl\documents\github\batteries_not_included\batteriesnotincluded\framework\debug\logcommandparser.obj
c:\users\tomcl\documents\github\batteries_not_included\batteriesnotincluded\framework\debug\messagefilter.obj
c:\users\tomcl\documents\github\batteries_not_included\batteriesnotincluded\framework\debug\natpunchthroughclient.obj
c:\users\tomcl\documents\github\batteries_not_included\batteriesnotincluded\framework\debug\natpunchthroughserver.obj
c:\users\tomcl\documents\github\batteries_not_included\batteriesnotincluded\framework\debug\nattypedetectionclient.obj
c:\users\tomcl\documents\github\batteries_not_included\batteriesnotincluded\framework\debug\nattypedetectioncommon.obj
c:\users\tomcl\documents\github\batteries_not_included\batteriesnotincluded\framework\debug\nattypedetectionserver.obj
c:\users\tomcl\documents\github\batteries_not_included\batteriesnotincluded\framework\debug\networkidmanager.obj
c:\users\tomcl\documents\github\batteries_not_included\batteriesnotincluded\framework\debug\networkidobject.obj
c:\users\tomcl\documents\github\batteries_not_included\batteriesnotincluded\framework\debug\packetconsolelogger.obj
c:\users\tomcl\documents\github\batteries_not_included\batteriesnotincluded\framework\debug\packetfilelogger.obj
c:\users\tomcl\documents\github\batteries_not_included\batteriesnotincluded\framework\debug\packetizedtcp.obj
c:\users\tomcl\documents\github\batteries_not_included\batteriesnotincluded\framework\debug\packetlogger.obj
c:\users\tomcl\documents\github\batteries_not_included\batteriesnotincluded\framework\debug\consoleserver.obj
c:\users\tomcl\documents\github\batteries_not_included\batteriesnotincluded\framework\debug\datacompressor.obj
c:\users\tomcl\documents\github\batteries_not_included\batteriesnotincluded\framework\debug\directorydeltatransfer.obj
c:\users\tomcl\documents\github\batteries_not_included\batteriesnotincluded\framework\debug\dr_sha1.obj
c:\users\tomcl\documents\github\batteries_not_included\batteriesnotincluded\framework\debug\ds_bytepool.obj
c:\users\tomcl\documents\github\batteries_not_included\batteriesnotincluded\framework\debug\ds_bytequeue.obj
c:\users\tomcl\documents\github\batteries_not_included\batteriesnotincluded\framework\debug\ds_huffmanencodingtree.obj
c:\users\tomcl\documents\github\batteries_not_included\batteriesnotincluded\framework\debug\ds_table.obj
c:\users\tomcl\documents\github\batteries_not_included\batteriesnotincluded\framework\debug\dyndns.obj
c:\users\tomcl\documents\github\batteries_not_included\batteriesnotincluded\framework\debug\emailsender.obj
c:\users\tomcl\documents\github\batteries_not_included\batteriesnotincluded\framework\debug\epochtimetostring.obj
c:\users\tomcl\documents\github\batteries_not_included\batteriesnotincluded\framework\debug\filelist.obj
c:\users\tomcl\documents\github\batteries_not_included\batteriesnotincluded\framework\debug\filelisttransfer.obj
c:\users\tomcl\documents\github\batteries_not_included\batteriesnotincluded\framework\debug\fileoperations.obj
c:\users\tomcl\documents\github\batteries_not_included\batteriesnotincluded\framework\debug\formatstring.obj
c:\users\tomcl\documents\github\batteries_not_included\batteriesnotincluded\framework\debug\fullyconnectedmesh2.obj
c:\users\tomcl\documents\github\batteries_not_included\batteriesnotincluded\framework\debug\getche.obj
c:\users\tomcl\documents\github\batteries_not_included\batteriesnotincluded\framework\debug\gets.obj
c:\users\tomcl\documents\github\batteries_not_included\batteriesnotincluded\framework\debug\gettime.obj
c:\users\tomcl\documents\github\batteries_not_included\batteriesnotincluded\framework\debug\gettimeofday.obj
c:\users\tomcl\documents\github\batteries_not_included\batteriesnotincluded\framework\debug\animatedsprite.obj
c:\users\tomcl\documents\github\batteries_not_included\batteriesnotincluded\framework\debug\base64encoder.obj
c:\users\tomcl\documents\github\batteries_not_included\batteriesnotincluded\framework\debug\bitstream.obj
c:\users\tomcl\documents\github\batteries_not_included\batteriesnotincluded\framework\debug\ccraknetslidingwindow.obj
c:\users\tomcl\documents\github\batteries_not_included\batteriesnotincluded\framework\debug\ccraknetudt.obj
c:\users\tomcl\documents\github\batteries_not_included\batteriesnotincluded\framework\debug\checksum.obj
c:\users\tomcl\documents\github\batteries_not_included\batteriesnotincluded\framework\debug\cloudclient.obj
c:\users\tomcl\documents\github\batteries_not_included\batteriesnotincluded\framework\debug\cloudcommon.obj
c:\users\tomcl\documents\github\batteries_not_included\batteriesnotincluded\framework\debug\cloudserver.obj
c:\users\tomcl\documents\github\batteries_not_included\batteriesnotincluded\framework\debug\commandparserinterface.obj
c:\users\tomcl\documents\github\batteries_not_included\batteriesnotincluded\framework\debug\connectiongraph2.obj
c:\users\tomcl\documents\github\batteries_not_included\batteriesnotincluded\framework\debug\framework.tlog\cl.command.1.tlog
c:\users\tomcl\documents\github\batteries_not_included\batteriesnotincluded\framework\debug\framework.tlog\cl.read.1.tlog
c:\users\tomcl\documents\github\batteries_not_included\batteriesnotincluded\framework\debug\framework.tlog\cl.write.1.tlog
